This is pdfTeX, Version 3.141592653-2.6-1.40.25 (TeX Live 2023/nixos.org) (preloaded format=pdflatex 1980.1.1)  1 JUL 2025 14:04
entering extended mode
 restricted \write18 enabled.
 file:line:error style messages enabled.
 %&-line parsing enabled.
**/home/usereal/Documents/Latex/Skripsi/boilerplate-skripsi-latex/main.tex
(/home/usereal/Documents/Latex/Skripsi/boilerplate-skripsi-latex/main.tex
LaTeX2e <2023-11-01> patch level 1
L3 programming layer <2024-02-20>
(/nix/store/53xcxxqpcqaas39ixx640qhgwk5cnzdl-texlive-combined-full-2023-final-texmfdist/tex/latex/base/report.cls
Document Class: report 2023/05/17 v1.4n Standard LaTeX document class
(/nix/store/53xcxxqpcqaas39ixx640qhgwk5cnzdl-texlive-combined-full-2023-final-texmfdist/tex/latex/base/size12.clo
File: size12.clo 2023/05/17 v1.4n Standard LaTeX file (size option)
)
\c@part=\count188
\c@chapter=\count189
\c@section=\count190
\c@subsection=\count191
\c@subsubsection=\count192
\c@paragraph=\count193
\c@subparagraph=\count194
\c@figure=\count195
\c@table=\count196
\abovecaptionskip=\skip48
\belowcaptionskip=\skip49
\bibindent=\dimen140
) (/nix/store/53xcxxqpcqaas39ixx640qhgwk5cnzdl-texlive-combined-full-2023-final-texmfdist/tex/generic/babel/babel.sty
Package: babel 2024/02/07 v24.2 The Babel package
\babel@savecnt=\count197
\U@D=\dimen141
\l@unhyphenated=\language89
 (/nix/store/53xcxxqpcqaas39ixx640qhgwk5cnzdl-texlive-combined-full-2023-final-texmfdist/tex/generic/babel/txtbabel.def)
\bbl@readstream=\read2
\bbl@dirlevel=\count198
 (/nix/store/53xcxxqpcqaas39ixx640qhgwk5cnzdl-texlive-combined-full-2023-final-texmfdist/tex/generic/babel/locale/id/babel-indonesian.tex)
Package babel Info: Importing data for indonesian
(babel)             from babel-id.ini. Reported on input line 4237.
) (/nix/store/53xcxxqpcqaas39ixx640qhgwk5cnzdl-texlive-combined-full-2023-final-texmfdist/tex/latex/base/fontenc.sty
Package: fontenc 2021/04/29 v2.0v Standard LaTeX package
) (/nix/store/53xcxxqpcqaas39ixx640qhgwk5cnzdl-texlive-combined-full-2023-final-texmfdist/tex/latex/base/inputenc.sty
Package: inputenc 2021/02/14 v1.3d Input encoding file
\inpenc@prehook=\toks17
\inpenc@posthook=\toks18
) (/nix/store/53xcxxqpcqaas39ixx640qhgwk5cnzdl-texlive-combined-full-2023-final-texmfdist/tex/latex/setspace/setspace.sty
Package: setspace 2022/12/04 v6.7b set line spacing
) (/nix/store/53xcxxqpcqaas39ixx640qhgwk5cnzdl-texlive-combined-full-2023-final-texmfdist/tex/latex/graphics/graphicx.sty
Package: graphicx 2021/09/16 v1.2d Enhanced LaTeX Graphics (DPC,SPQR)
 (/nix/store/53xcxxqpcqaas39ixx640qhgwk5cnzdl-texlive-combined-full-2023-final-texmfdist/tex/latex/graphics/keyval.sty
Package: keyval 2022/05/29 v1.15 key=value parser (DPC)
\KV@toks@=\toks19
) (/nix/store/53xcxxqpcqaas39ixx640qhgwk5cnzdl-texlive-combined-full-2023-final-texmfdist/tex/latex/graphics/graphics.sty
Package: graphics 2022/03/10 v1.4e Standard LaTeX Graphics (DPC,SPQR)
 (/nix/store/53xcxxqpcqaas39ixx640qhgwk5cnzdl-texlive-combined-full-2023-final-texmfdist/tex/latex/graphics/trig.sty
Package: trig 2021/08/11 v1.11 sin cos tan (DPC)
) (/nix/store/53xcxxqpcqaas39ixx640qhgwk5cnzdl-texlive-combined-full-2023-final-texmfdist/tex/latex/graphics-cfg/graphics.cfg
File: graphics.cfg 2016/06/04 v1.11 sample graphics configuration
)
Package graphics Info: Driver file: pdftex.def on input line 107.
 (/nix/store/53xcxxqpcqaas39ixx640qhgwk5cnzdl-texlive-combined-full-2023-final-texmfdist/tex/latex/graphics-def/pdftex.def
File: pdftex.def 2022/09/22 v1.2b Graphics/color driver for pdftex
))
\Gin@req@height=\dimen142
\Gin@req@width=\dimen143
) (/nix/store/53xcxxqpcqaas39ixx640qhgwk5cnzdl-texlive-combined-full-2023-final-texmfdist/tex/latex/titlesec/titlesec.sty
Package: titlesec 2023/10/27 v2.16 Sectioning titles
\ttl@box=\box51
\beforetitleunit=\skip50
\aftertitleunit=\skip51
\ttl@plus=\dimen144
\ttl@minus=\dimen145
\ttl@toksa=\toks20
\titlewidth=\dimen146
\titlewidthlast=\dimen147
\titlewidthfirst=\dimen148
) (/nix/store/53xcxxqpcqaas39ixx640qhgwk5cnzdl-texlive-combined-full-2023-final-texmfdist/tex/latex/hyperref/hyperref.sty
Package: hyperref 2024-01-20 v7.01h Hypertext links for LaTeX
 (/nix/store/53xcxxqpcqaas39ixx640qhgwk5cnzdl-texlive-combined-full-2023-final-texmfdist/tex/generic/iftex/iftex.sty
Package: iftex 2022/02/03 v1.0f TeX engine tests
) (/nix/store/53xcxxqpcqaas39ixx640qhgwk5cnzdl-texlive-combined-full-2023-final-texmfdist/tex/latex/kvsetkeys/kvsetkeys.sty
Package: kvsetkeys 2022-10-05 v1.19 Key value parser (HO)
) (/nix/store/53xcxxqpcqaas39ixx640qhgwk5cnzdl-texlive-combined-full-2023-final-texmfdist/tex/generic/kvdefinekeys/kvdefinekeys.sty
Package: kvdefinekeys 2019-12-19 v1.6 Define keys (HO)
) (/nix/store/53xcxxqpcqaas39ixx640qhgwk5cnzdl-texlive-combined-full-2023-final-texmfdist/tex/generic/pdfescape/pdfescape.sty
Package: pdfescape 2019/12/09 v1.15 Implements pdfTeX's escape features (HO)
 (/nix/store/53xcxxqpcqaas39ixx640qhgwk5cnzdl-texlive-combined-full-2023-final-texmfdist/tex/generic/ltxcmds/ltxcmds.sty
Package: ltxcmds 2023-12-04 v1.26 LaTeX kernel commands for general use (HO)
) (/nix/store/53xcxxqpcqaas39ixx640qhgwk5cnzdl-texlive-combined-full-2023-final-texmfdist/tex/generic/pdftexcmds/pdftexcmds.sty
Package: pdftexcmds 2020-06-27 v0.33 Utility functions of pdfTeX for LuaTeX (HO)
 (/nix/store/53xcxxqpcqaas39ixx640qhgwk5cnzdl-texlive-combined-full-2023-final-texmfdist/tex/generic/infwarerr/infwarerr.sty
Package: infwarerr 2019/12/03 v1.5 Providing info/warning/error messages (HO)
)
Package pdftexcmds Info: \pdf@primitive is available.
Package pdftexcmds Info: \pdf@ifprimitive is available.
Package pdftexcmds Info: \pdfdraftmode found.
)) (/nix/store/53xcxxqpcqaas39ixx640qhgwk5cnzdl-texlive-combined-full-2023-final-texmfdist/tex/latex/hycolor/hycolor.sty
Package: hycolor 2020-01-27 v1.10 Color options for hyperref/bookmark (HO)
) (/nix/store/53xcxxqpcqaas39ixx640qhgwk5cnzdl-texlive-combined-full-2023-final-texmfdist/tex/latex/auxhook/auxhook.sty
Package: auxhook 2019-12-17 v1.6 Hooks for auxiliary files (HO)
) (/nix/store/53xcxxqpcqaas39ixx640qhgwk5cnzdl-texlive-combined-full-2023-final-texmfdist/tex/latex/hyperref/nameref.sty
Package: nameref 2023-11-26 v2.56 Cross-referencing by name of section
 (/nix/store/53xcxxqpcqaas39ixx640qhgwk5cnzdl-texlive-combined-full-2023-final-texmfdist/tex/latex/refcount/refcount.sty
Package: refcount 2019/12/15 v3.6 Data extraction from label references (HO)
) (/nix/store/53xcxxqpcqaas39ixx640qhgwk5cnzdl-texlive-combined-full-2023-final-texmfdist/tex/generic/gettitlestring/gettitlestring.sty
Package: gettitlestring 2019/12/15 v1.6 Cleanup title references (HO)
 (/nix/store/53xcxxqpcqaas39ixx640qhgwk5cnzdl-texlive-combined-full-2023-final-texmfdist/tex/latex/kvoptions/kvoptions.sty
Package: kvoptions 2022-06-15 v3.15 Key value format for package options (HO)
))
\c@section@level=\count199
) (/nix/store/53xcxxqpcqaas39ixx640qhgwk5cnzdl-texlive-combined-full-2023-final-texmfdist/tex/latex/etoolbox/etoolbox.sty
Package: etoolbox 2020/10/05 v2.5k e-TeX tools for LaTeX (JAW)
\etb@tempcnta=\count266
)
\@linkdim=\dimen149
\Hy@linkcounter=\count267
\Hy@pagecounter=\count268
 (/nix/store/53xcxxqpcqaas39ixx640qhgwk5cnzdl-texlive-combined-full-2023-final-texmfdist/tex/latex/hyperref/pd1enc.def
File: pd1enc.def 2024-01-20 v7.01h Hyperref: PDFDocEncoding definition (HO)
Now handling font encoding PD1 ...
... no UTF-8 mapping file for font encoding PD1
) (/nix/store/53xcxxqpcqaas39ixx640qhgwk5cnzdl-texlive-combined-full-2023-final-texmfdist/tex/generic/intcalc/intcalc.sty
Package: intcalc 2019/12/15 v1.3 Expandable calculations with integers (HO)
)
\Hy@SavedSpaceFactor=\count269
 (/nix/store/53xcxxqpcqaas39ixx640qhgwk5cnzdl-texlive-combined-full-2023-final-texmfdist/tex/latex/hyperref/puenc.def
File: puenc.def 2024-01-20 v7.01h Hyperref: PDF Unicode definition (HO)
Now handling font encoding PU ...
... no UTF-8 mapping file for font encoding PU
)
Package hyperref Info: Option `colorlinks' set `true' on input line 4062.
Package hyperref Info: Hyper figures OFF on input line 4179.
Package hyperref Info: Link nesting OFF on input line 4184.
Package hyperref Info: Hyper index ON on input line 4187.
Package hyperref Info: Plain pages OFF on input line 4194.
Package hyperref Info: Backreferencing OFF on input line 4199.
Package hyperref Info: Implicit mode ON; LaTeX internals redefined.
Package hyperref Info: Bookmarks ON on input line 4446.
\c@Hy@tempcnt=\count270
 (/nix/store/53xcxxqpcqaas39ixx640qhgwk5cnzdl-texlive-combined-full-2023-final-texmfdist/tex/latex/url/url.sty
\Urlmuskip=\muskip16
Package: url 2013/09/16  ver 3.4  Verb mode for urls, etc.
)
LaTeX Info: Redefining \url on input line 4784.
\XeTeXLinkMargin=\dimen150
 (/nix/store/53xcxxqpcqaas39ixx640qhgwk5cnzdl-texlive-combined-full-2023-final-texmfdist/tex/generic/bitset/bitset.sty
Package: bitset 2019/12/09 v1.3 Handle bit-vector datatype (HO)
 (/nix/store/53xcxxqpcqaas39ixx640qhgwk5cnzdl-texlive-combined-full-2023-final-texmfdist/tex/generic/bigintcalc/bigintcalc.sty
Package: bigintcalc 2019/12/15 v1.5 Expandable calculations on big integers (HO)
))
\Fld@menulength=\count271
\Field@Width=\dimen151
\Fld@charsize=\dimen152
Package hyperref Info: Hyper figures OFF on input line 6063.
Package hyperref Info: Link nesting OFF on input line 6068.
Package hyperref Info: Hyper index ON on input line 6071.
Package hyperref Info: backreferencing OFF on input line 6078.
Package hyperref Info: Link coloring ON on input line 6081.
Package hyperref Info: Link coloring with OCG OFF on input line 6088.
Package hyperref Info: PDF/A mode OFF on input line 6093.
 (/nix/store/53xcxxqpcqaas39ixx640qhgwk5cnzdl-texlive-combined-full-2023-final-texmfdist/tex/latex/base/atbegshi-ltx.sty
Package: atbegshi-ltx 2021/01/10 v1.0c Emulation of the original atbegshi
package with kernel methods
)
\Hy@abspage=\count272
\c@Item=\count273
\c@Hfootnote=\count274
)
Package hyperref Info: Driver (autodetected): hpdftex.
 (/nix/store/53xcxxqpcqaas39ixx640qhgwk5cnzdl-texlive-combined-full-2023-final-texmfdist/tex/latex/hyperref/hpdftex.def
File: hpdftex.def 2024-01-20 v7.01h Hyperref driver for pdfTeX
 (/nix/store/53xcxxqpcqaas39ixx640qhgwk5cnzdl-texlive-combined-full-2023-final-texmfdist/tex/latex/base/atveryend-ltx.sty
Package: atveryend-ltx 2020/08/19 v1.0a Emulation of the original atveryend package
with kernel methods
)
\Fld@listcount=\count275
\c@bookmark@seq@number=\count276
 (/nix/store/53xcxxqpcqaas39ixx640qhgwk5cnzdl-texlive-combined-full-2023-final-texmfdist/tex/latex/rerunfilecheck/rerunfilecheck.sty
Package: rerunfilecheck 2022-07-10 v1.10 Rerun checks for auxiliary files (HO)
 (/nix/store/53xcxxqpcqaas39ixx640qhgwk5cnzdl-texlive-combined-full-2023-final-texmfdist/tex/generic/uniquecounter/uniquecounter.sty
Package: uniquecounter 2019/12/15 v1.4 Provide unlimited unique counter (HO)
)
Package uniquecounter Info: New unique counter `rerunfilecheck' on input line 285.
)
\Hy@SectionHShift=\skip52
) (/nix/store/53xcxxqpcqaas39ixx640qhgwk5cnzdl-texlive-combined-full-2023-final-texmfdist/tex/latex/natbib/natbib.sty
Package: natbib 2010/09/13 8.31b (PWD, AO)
\bibhang=\skip53
\bibsep=\skip54
LaTeX Info: Redefining \cite on input line 694.
\c@NAT@ctr=\count277
) (/nix/store/53xcxxqpcqaas39ixx640qhgwk5cnzdl-texlive-combined-full-2023-final-texmfdist/tex/latex/geometry/geometry.sty
Package: geometry 2020/01/02 v5.9 Page Geometry
 (/nix/store/53xcxxqpcqaas39ixx640qhgwk5cnzdl-texlive-combined-full-2023-final-texmfdist/tex/generic/iftex/ifvtex.sty
Package: ifvtex 2019/10/25 v1.7 ifvtex legacy package. Use iftex instead.
)
\Gm@cnth=\count278
\Gm@cntv=\count279
\c@Gm@tempcnt=\count280
\Gm@bindingoffset=\dimen153
\Gm@wd@mp=\dimen154
\Gm@odd@mp=\dimen155
\Gm@even@mp=\dimen156
\Gm@layoutwidth=\dimen157
\Gm@layoutheight=\dimen158
\Gm@layouthoffset=\dimen159
\Gm@layoutvoffset=\dimen160
\Gm@dimlist=\toks21
) (/nix/store/53xcxxqpcqaas39ixx640qhgwk5cnzdl-texlive-combined-full-2023-final-texmfdist/tex/latex/fancyhdr/fancyhdr.sty
Package: fancyhdr 2022/11/09 v4.1 Extensive control of page headers and footers
\f@nch@headwidth=\skip55
\f@nch@O@elh=\skip56
\f@nch@O@erh=\skip57
\f@nch@O@olh=\skip58
\f@nch@O@orh=\skip59
\f@nch@O@elf=\skip60
\f@nch@O@erf=\skip61
\f@nch@O@olf=\skip62
\f@nch@O@orf=\skip63
) (/nix/store/53xcxxqpcqaas39ixx640qhgwk5cnzdl-texlive-combined-full-2023-final-texmfdist/tex/latex/tools/indentfirst.sty
Package: indentfirst 2023/07/02 v1.03 Indent first paragraph (DPC)
) (/nix/store/53xcxxqpcqaas39ixx640qhgwk5cnzdl-texlive-combined-full-2023-final-texmfdist/tex/latex/enumitem/enumitem.sty
Package: enumitem 2019/06/20 v3.9 Customized lists
\labelindent=\skip64
\enit@outerparindent=\dimen161
\enit@toks=\toks22
\enit@inbox=\box52
\enit@count@id=\count281
\enitdp@description=\count282
) (/nix/store/53xcxxqpcqaas39ixx640qhgwk5cnzdl-texlive-combined-full-2023-final-texmfdist/tex/latex/l3backend/l3backend-pdftex.def
File: l3backend-pdftex.def 2024-02-20 L3 backend support: PDF output (pdfTeX)
\l__color_backend_stack_int=\count283
\l__pdf_internal_box=\box53
) (./main.aux)
\openout1 = `main.aux'.

LaTeX Font Info:    Checking defaults for OML/cmm/m/it on input line 61.
LaTeX Font Info:    ... okay on input line 61.
LaTeX Font Info:    Checking defaults for OMS/cmsy/m/n on input line 61.
LaTeX Font Info:    ... okay on input line 61.
LaTeX Font Info:    Checking defaults for OT1/cmr/m/n on input line 61.
LaTeX Font Info:    ... okay on input line 61.
LaTeX Font Info:    Checking defaults for T1/cmr/m/n on input line 61.
LaTeX Font Info:    ... okay on input line 61.
LaTeX Font Info:    Checking defaults for TS1/cmr/m/n on input line 61.
LaTeX Font Info:    ... okay on input line 61.
LaTeX Font Info:    Checking defaults for OMX/cmex/m/n on input line 61.
LaTeX Font Info:    ... okay on input line 61.
LaTeX Font Info:    Checking defaults for U/cmr/m/n on input line 61.
LaTeX Font Info:    ... okay on input line 61.
LaTeX Font Info:    Checking defaults for PD1/pdf/m/n on input line 61.
LaTeX Font Info:    ... okay on input line 61.
LaTeX Font Info:    Checking defaults for PU/pdf/m/n on input line 61.
LaTeX Font Info:    ... okay on input line 61.
 (/nix/store/53xcxxqpcqaas39ixx640qhgwk5cnzdl-texlive-combined-full-2023-final-texmfdist/tex/context/base/mkii/supp-pdf.mkii
[Loading MPS to PDF converter (version 2006.09.02).]
\scratchcounter=\count284
\scratchdimen=\dimen162
\scratchbox=\box54
\nofMPsegments=\count285
\nofMParguments=\count286
\everyMPshowfont=\toks23
\MPscratchCnt=\count287
\MPscratchDim=\dimen163
\MPnumerator=\count288
\makeMPintoPDFobject=\count289
\everyMPtoPDFconversion=\toks24
) (/nix/store/53xcxxqpcqaas39ixx640qhgwk5cnzdl-texlive-combined-full-2023-final-texmfdist/tex/latex/epstopdf-pkg/epstopdf-base.sty
Package: epstopdf-base 2020-01-24 v2.11 Base part for package epstopdf
Package epstopdf-base Info: Redefining graphics rule for `.eps' on input line 485.
 (/nix/store/53xcxxqpcqaas39ixx640qhgwk5cnzdl-texlive-combined-full-2023-final-texmfdist/tex/latex/latexconfig/epstopdf-sys.cfg
File: epstopdf-sys.cfg 2010/07/13 v1.3 Configuration of (r)epstopdf for TeX Live
)) (/nix/store/53xcxxqpcqaas39ixx640qhgwk5cnzdl-texlive-combined-full-2023-final-texmfdist/tex/latex/graphics/color.sty
Package: color 2022/01/06 v1.3d Standard LaTeX Color (DPC)
 (/nix/store/53xcxxqpcqaas39ixx640qhgwk5cnzdl-texlive-combined-full-2023-final-texmfdist/tex/latex/graphics-cfg/color.cfg
File: color.cfg 2016/01/02 v1.6 sample color configuration
)
Package color Info: Driver file: pdftex.def on input line 149.
 (/nix/store/53xcxxqpcqaas39ixx640qhgwk5cnzdl-texlive-combined-full-2023-final-texmfdist/tex/latex/graphics/mathcolor.ltx))
Package hyperref Info: Link coloring ON on input line 61.
 (./main.out) (./main.out)
\@outlinefile=\write3
\openout3 = `main.out'.


*geometry* driver: auto-detecting
*geometry* detected driver: pdftex
*geometry* verbose mode - [ preamble ] result:
* driver: pdftex
* paper: a4paper
* layout: <same size as paper>
* layoutoffset:(h,v)=(0.0pt,0.0pt)
* modes: 
* h-part:(L,W,R)=(113.81102pt, 398.3386pt, 85.35826pt)
* v-part:(T,H,B)=(85.35826pt, 674.33032pt, 85.35826pt)
* \paperwidth=597.50787pt
* \paperheight=845.04684pt
* \textwidth=398.3386pt
* \textheight=674.33032pt
* \oddsidemargin=41.54103pt
* \evensidemargin=41.54103pt
* \topmargin=-23.91173pt
* \headheight=12.0pt
* \headsep=25.0pt
* \topskip=12.0pt
* \footskip=30.0pt
* \marginparwidth=35.0pt
* \marginparsep=10.0pt
* \columnsep=10.0pt
* \skip\footins=10.8pt plus 4.0pt minus 2.0pt
* \hoffset=0.0pt
* \voffset=0.0pt
* \mag=1000
* \@twocolumnfalse
* \@twosidefalse
* \@mparswitchfalse
* \@reversemarginfalse
* (1in=72.27pt=25.4mm, 1cm=28.453pt)

<resources/images/logo_unej.png, id=79, 602.25pt x 602.25pt>
File: resources/images/logo_unej.png Graphic file (type png)
<use resources/images/logo_unej.png>
Package pdftex.def Info: resources/images/logo_unej.png  used on input line 69.
(pdftex.def)             Requested size: 119.50279pt x 119.50133pt.
[1

{/nix/store/axjdr5qxf4arirf2kqjf1wxfs3yk7ca8-texlive-combined-full-2023-final/share/texmf-var/fonts/map/pdftex/updmap/pdftex.map}{/nix/store/53xcxxqpcqaas39ixx640qhgwk5cnzdl-texlive-combined-full-2023-final-texmfdist/fonts/enc/dvips/cm-super/cm-super-t1.enc} <./resources/images/logo_unej.png>]
pdfTeX warning (ext4): destination with the same identifier (name{page.1}) has been already used, duplicate ignored
<to be read again> 
                   \relax 
l.135 \chapter
              *{MOTTO} [1


] [2

] [3


]
LaTeX Font Info:    External font `cmex10' loaded for size
(Font)              <12> on input line 191.
LaTeX Font Info:    External font `cmex10' loaded for size
(Font)              <8> on input line 191.
LaTeX Font Info:    External font `cmex10' loaded for size
(Font)              <6> on input line 191.
 [4



]

Package fancyhdr Warning: \headheight is too small (12.0pt): 
(fancyhdr)                Make it at least 14.49998pt, for example:
(fancyhdr)                \setlength{\headheight}{14.49998pt}.
(fancyhdr)                You might also make \topmargin smaller to compensate:
(fancyhdr)                \addtolength{\topmargin}{-2.49998pt}.

[5] [6



] [7


] (./main.toc)
\tf@toc=\write4
\openout4 = `main.toc'.

 [8


] (./main.lof)
\tf@lof=\write5
\openout5 = `main.lof'.

 [9


] (./main.lot)
\tf@lot=\write6
\openout6 = `main.lot'.

 [10


] (./chapters/bab1.tex
\bbl@ensure@indonesian {Bab} 1.

Underfull \hbox (badness 10000) in paragraph at lines 6--6
|[]\T1/cmr/bx/n/12 Latar Be-la-kang|
 []


Underfull \hbox (badness 10000) in paragraph at lines 11--11
|[]\T1/cmr/bx/n/12 Rumusan Ma-sa-lah|
 []


Underfull \hbox (badness 10000) in paragraph at lines 14--14
|[]\T1/cmr/bx/n/12 Batasan Pe-ne-li-ti-an (Ji-ka Di-per-luk-an)|
 []


Underfull \hbox (badness 10000) in paragraph at lines 17--17
|[]\T1/cmr/bx/n/12 Tujuan Pe-ne-li-ti-an|
 []

[11


]
Underfull \hbox (badness 10000) in paragraph at lines 20--20
|[]\T1/cmr/bx/n/12 Manfaat Pe-ne-li-ti-an (Ji-ka Di-per-luk-an)|
 []


Underfull \hbox (badness 10000) in paragraph at lines 23--23
|[]\T1/cmr/bx/n/12 Keaslian Pe-ne-li-ti-an (Ji-ka Di-per-luk-an)|
 []

)

Package fancyhdr Warning: \headheight is too small (12.0pt): 
(fancyhdr)                Make it at least 14.49998pt, for example:
(fancyhdr)                \setlength{\headheight}{14.49998pt}.
(fancyhdr)                You might also make \topmargin smaller to compensate:
(fancyhdr)                \addtolength{\topmargin}{-2.49998pt}.

[12] (./chapters/bab2.tex) (./chapters/bab3.tex) (./chapters/bab4.tex) (./chapters/bab5.tex) (./main.bbl) [13






] [14


] (./main.aux)
 ***********
LaTeX2e <2023-11-01> patch level 1
L3 programming layer <2024-02-20>
 ***********
Package rerunfilecheck Info: File `main.out' has not changed.
(rerunfilecheck)             Checksum: C4EDEAF50B6C0BF389D0AE8855727F2B;2978.
 ) 
Here is how much of TeX's memory you used:
 11575 strings out of 474116
 189663 string characters out of 5717523
 1932187 words of memory out of 5000000
 33748 multiletter control sequences out of 15000+600000
 563804 words of font info for 49 fonts, out of 8000000 for 9000
 1141 hyphenation exceptions out of 8191
 75i,11n,117p,595b,564s stack positions out of 10000i,1000n,20000p,200000b,200000s
</nix/store/53xcxxqpcqaas39ixx640qhgwk5cnzdl-texlive-combined-full-2023-final-texmfdist/fonts/type1/public/cm-super/sfbx1200.pfb></nix/store/53xcxxqpcqaas39ixx640qhgwk5cnzdl-texlive-combined-full-2023-final-texmfdist/fonts/type1/public/cm-super/sfbx1440.pfb></nix/store/53xcxxqpcqaas39ixx640qhgwk5cnzdl-texlive-combined-full-2023-final-texmfdist/fonts/type1/public/cm-super/sfrm1200.pfb></nix/store/53xcxxqpcqaas39ixx640qhgwk5cnzdl-texlive-combined-full-2023-final-texmfdist/fonts/type1/public/cm-super/sfti1200.pfb>
Output written on main.pdf (15 pages, 675820 bytes).
PDF statistics:
 206 PDF objects out of 1000 (max. 8388607)
 177 compressed objects within 2 object streams
 36 named destinations out of 1000 (max. 500000)
 166 words of extra memory for PDF output out of 10000 (max. 10000000)

